[1016/180302.413:ERROR:directory_reader_win.cc(43)] FindFirstFile: The system cannot find the path specified. (0x3)
[1016/181058.712:ERROR:directory_reader_win.cc(43)] FindFirstFile: The system cannot find the path specified. (0x3)
[1016/182232.988:ERROR:directory_reader_win.cc(43)] FindFirstFile: The system cannot find the path specified. (0x3)
[1019/145056.008:ERROR:directory_reader_win.cc(43)] FindFirstFile: The system cannot find the path specified. (0x3)
[1019/150918.693:ERROR:directory_reader_win.cc(43)] FindFirstFile: The system cannot find the path specified. (0x3)
[1019/151300.138:ERROR:directory_reader_win.cc(43)] FindFirstFile: The system cannot find the path specified. (0x3)
[1019/151540.584:ERROR:directory_reader_win.cc(43)] FindFirstFile: The system cannot find the path specified. (0x3)
[1019/155234.554:ERROR:directory_reader_win.cc(43)] FindFirstFile: The system cannot find the path specified. (0x3)
[1019/160346.503:ERROR:directory_reader_win.cc(43)] FindFirstFile: The system cannot find the path specified. (0x3)
[1019/163621.697:ERROR:directory_reader_win.cc(43)] FindFirstFile: The system cannot find the path specified. (0x3)
[1019/170114.854:ERROR:directory_reader_win.cc(43)] FindFirstFile: The system cannot find the path specified. (0x3)
[1019/170636.543:ERROR:directory_reader_win.cc(43)] FindFirstFile: The system cannot find the path specified. (0x3)
[1019/190537.270:ERROR:directory_reader_win.cc(43)] FindFirstFile: The system cannot find the path specified. (0x3)
[1019/195210.090:ERROR:directory_reader_win.cc(43)] FindFirstFile: The system cannot find the path specified. (0x3)
[1019/195645.399:ERROR:directory_reader_win.cc(43)] FindFirstFile: The system cannot find the path specified. (0x3)
[1019/205216.739:ERROR:directory_reader_win.cc(43)] FindFirstFile: The system cannot find the path specified. (0x3)
[1019/210405.537:ERROR:directory_reader_win.cc(43)] FindFirstFile: The system cannot find the path specified. (0x3)
[1020/140008.262:ERROR:directory_reader_win.cc(43)] FindFirstFile: The system cannot find the path specified. (0x3)
[1020/145419.876:ERROR:directory_reader_win.cc(43)] FindFirstFile: The system cannot find the path specified. (0x3)
[1020/151427.195:ERROR:directory_reader_win.cc(43)] FindFirstFile: The system cannot find the path specified. (0x3)
[1020/151641.324:ERROR:directory_reader_win.cc(43)] FindFirstFile: The system cannot find the path specified. (0x3)
[1020/160846.606:ERROR:directory_reader_win.cc(43)] FindFirstFile: The system cannot find the path specified. (0x3)
[1020/163728.330:ERROR:directory_reader_win.cc(43)] FindFirstFile: The system cannot find the path specified. (0x3)
[1020/164803.394:ERROR:directory_reader_win.cc(43)] FindFirstFile: The system cannot find the path specified. (0x3)
[1020/170812.556:ERROR:directory_reader_win.cc(43)] FindFirstFile: The system cannot find the path specified. (0x3)
[1020/175104.418:ERROR:directory_reader_win.cc(43)] FindFirstFile: The system cannot find the path specified. (0x3)
[1020/192004.762:ERROR:directory_reader_win.cc(43)] FindFirstFile: The system cannot find the path specified. (0x3)
[1020/195218.241:ERROR:directory_reader_win.cc(43)] FindFirstFile: The system cannot find the path specified. (0x3)
[1021/104846.808:ERROR:directory_reader_win.cc(43)] FindFirstFile: The system cannot find the path specified. (0x3)
[1021/105047.663:ERROR:directory_reader_win.cc(43)] FindFirstFile: The system cannot find the path specified. (0x3)
[1021/111636.137:ERROR:directory_reader_win.cc(43)] FindFirstFile: The system cannot find the path specified. (0x3)
[1021/113031.236:ERROR:directory_reader_win.cc(43)] FindFirstFile: The system cannot find the path specified. (0x3)
[1021/113255.872:ERROR:directory_reader_win.cc(43)] FindFirstFile: The system cannot find the path specified. (0x3)
[1021/115316.920:ERROR:directory_reader_win.cc(43)] FindFirstFile: The system cannot find the path specified. (0x3)
[1021/120851.228:ERROR:directory_reader_win.cc(43)] FindFirstFile: The system cannot find the path specified. (0x3)
[1021/124037.398:ERROR:directory_reader_win.cc(43)] FindFirstFile: The system cannot find the path specified. (0x3)
[1021/131002.189:ERROR:directory_reader_win.cc(43)] FindFirstFile: The system cannot find the path specified. (0x3)
[1021/132002.498:ERROR:directory_reader_win.cc(43)] FindFirstFile: The system cannot find the path specified. (0x3)
[1021/133409.200:ERROR:directory_reader_win.cc(43)] FindFirstFile: The system cannot find the path specified. (0x3)
[1021/155547.541:ERROR:directory_reader_win.cc(43)] FindFirstFile: The system cannot find the path specified. (0x3)
[1021/155727.368:ERROR:directory_reader_win.cc(43)] FindFirstFile: The system cannot find the path specified. (0x3)
[1021/161454.529:ERROR:directory_reader_win.cc(43)] FindFirstFile: The system cannot find the path specified. (0x3)
[1021/171349.648:ERROR:directory_reader_win.cc(43)] FindFirstFile: The system cannot find the path specified. (0x3)
[1021/181546.425:ERROR:directory_reader_win.cc(43)] FindFirstFile: The system cannot find the path specified. (0x3)
[1021/185247.112:ERROR:directory_reader_win.cc(43)] FindFirstFile: The system cannot find the path specified. (0x3)
[1021/191656.040:ERROR:directory_reader_win.cc(43)] FindFirstFile: The system cannot find the path specified. (0x3)
[1021/191656.066:ERROR:directory_reader_win.cc(43)] FindFirstFile: The system cannot find the path specified. (0x3)
[1021/193200.107:ERROR:directory_reader_win.cc(43)] FindFirstFile: The system cannot find the path specified. (0x3)
[1021/203114.415:ERROR:directory_reader_win.cc(43)] FindFirstFile: The system cannot find the path specified. (0x3)
[1021/210056.914:ERROR:directory_reader_win.cc(43)] FindFirstFile: The system cannot find the path specified. (0x3)
[1022/105400.843:ERROR:directory_reader_win.cc(43)] FindFirstFile: The system cannot find the path specified. (0x3)
[1022/130443.065:ERROR:directory_reader_win.cc(43)] FindFirstFile: The system cannot find the path specified. (0x3)
[1022/154245.128:ERROR:directory_reader_win.cc(43)] FindFirstFile: The system cannot find the path specified. (0x3)
[1022/162054.905:ERROR:directory_reader_win.cc(43)] FindFirstFile: The system cannot find the path specified. (0x3)
[1022/165835.164:ERROR:directory_reader_win.cc(43)] FindFirstFile: The system cannot find the path specified. (0x3)
[1022/171857.466:ERROR:directory_reader_win.cc(43)] FindFirstFile: The system cannot find the path specified. (0x3)
[1023/141117.597:ERROR:directory_reader_win.cc(43)] FindFirstFile: The system cannot find the path specified. (0x3)
[1023/202957.904:ERROR:directory_reader_win.cc(43)] FindFirstFile: The system cannot find the path specified. (0x3)
[1027/113316.729:ERROR:directory_reader_win.cc(43)] FindFirstFile: The system cannot find the path specified. (0x3)
[1027/113703.264:ERROR:directory_reader_win.cc(43)] FindFirstFile: The system cannot find the path specified. (0x3)
[1027/121201.195:ERROR:directory_reader_win.cc(43)] FindFirstFile: The system cannot find the path specified. (0x3)
[1027/180743.843:ERROR:directory_reader_win.cc(43)] FindFirstFile: The system cannot find the path specified. (0x3)
[1027/183515.745:ERROR:directory_reader_win.cc(43)] FindFirstFile: The system cannot find the path specified. (0x3)
[1027/191159.615:ERROR:directory_reader_win.cc(43)] FindFirstFile: The system cannot find the path specified. (0x3)
[1028/115016.739:ERROR:directory_reader_win.cc(43)] FindFirstFile: The system cannot find the path specified. (0x3)
[1028/131649.466:ERROR:directory_reader_win.cc(43)] FindFirstFile: The system cannot find the path specified. (0x3)
[1028/140510.514:ERROR:directory_reader_win.cc(43)] FindFirstFile: The system cannot find the path specified. (0x3)
[1028/143926.589:ERROR:directory_reader_win.cc(43)] FindFirstFile: The system cannot find the path specified. (0x3)
[1028/160137.764:ERROR:directory_reader_win.cc(43)] FindFirstFile: The system cannot find the path specified. (0x3)
[1029/200244.037:ERROR:process_reader_win.cc(151)] SuspendThread: Access is denied. (0x5)
[1029/200244.039:ERROR:process_reader_win.cc(151)] SuspendThread: Access is denied. (0x5)
[1029/200244.039:ERROR:process_reader_win.cc(123)] NtOpenThread: {Access Denied} A process has requested access to an object, but has not been granted those access rights. (0xc0000022)
[1029/200244.040:ERROR:exception_snapshot_win.cc(99)] thread ID 21932 not found in process
[1029/200244.047:ERROR:process_reader_win.cc(151)] SuspendThread: Access is denied. (0x5)
[1029/200244.047:ERROR:process_reader_win.cc(123)] NtOpenThread: {Access Denied} A process has requested access to an object, but has not been granted those access rights. (0xc0000022)
[1029/200244.047:ERROR:exception_snapshot_win.cc(99)] thread ID 17100 not found in process
[1029/200244.071:ERROR:process_reader_win.cc(123)] NtOpenThread: {Access Denied} A process has requested access to an object, but has not been granted those access rights. (0xc0000022)
[1029/200244.071:ERROR:exception_snapshot_win.cc(99)] thread ID 14384 not found in process
[1029/203432.286:ERROR:process_reader_win.cc(151)] SuspendThread: Access is denied. (0x5)
[1029/203432.288:ERROR:process_reader_win.cc(151)] SuspendThread: Access is denied. (0x5)
[1029/203432.288:ERROR:process_reader_win.cc(123)] NtOpenThread: {Access Denied} A process has requested access to an object, but has not been granted those access rights. (0xc0000022)
[1029/203432.289:ERROR:exception_snapshot_win.cc(99)] thread ID 1724 not found in process
[1029/203432.457:ERROR:process_reader_win.cc(151)] SuspendThread: Access is denied. (0x5)
[1029/203432.458:ERROR:process_reader_win.cc(151)] SuspendThread: Access is denied. (0x5)
[1029/203432.458:ERROR:process_reader_win.cc(151)] SuspendThread: Access is denied. (0x5)
[1029/203432.458:ERROR:process_reader_win.cc(151)] SuspendThread: Access is denied. (0x5)
[1029/203432.458:ERROR:process_reader_win.cc(151)] SuspendThread: Access is denied. (0x5)
[1029/203432.458:ERROR:process_reader_win.cc(123)] NtOpenThread: {Access Denied} A process has requested access to an object, but has not been granted those access rights. (0xc0000022)
[1029/203432.458:ERROR:exception_snapshot_win.cc(99)] thread ID 9084 not found in process
[1030/111526.132:ERROR:process_reader_win.cc(151)] SuspendThread: Access is denied. (0x5)
[1030/111526.132:ERROR:process_reader_win.cc(151)] SuspendThread: Access is denied. (0x5)
[1030/111526.132:ERROR:process_reader_win.cc(123)] NtOpenThread: {Access Denied} A process has requested access to an object, but has not been granted those access rights. (0xc0000022)
[1030/111526.136:ERROR:exception_snapshot_win.cc(99)] thread ID 4556 not found in process
[1030/111526.188:ERROR:process_reader_win.cc(151)] SuspendThread: Access is denied. (0x5)
[1030/111526.188:ERROR:process_reader_win.cc(151)] SuspendThread: Access is denied. (0x5)
[1030/111526.188:ERROR:process_reader_win.cc(151)] SuspendThread: Access is denied. (0x5)
[1030/111526.188:ERROR:process_reader_win.cc(151)] SuspendThread: Access is denied. (0x5)
[1030/111526.188:ERROR:process_reader_win.cc(151)] SuspendThread: Access is denied. (0x5)
[1030/111526.188:ERROR:process_reader_win.cc(151)] SuspendThread: Access is denied. (0x5)
[1030/111526.188:ERROR:process_reader_win.cc(123)] NtOpenThread: {Access Denied} A process has requested access to an object, but has not been granted those access rights. (0xc0000022)
[1030/111526.188:ERROR:exception_snapshot_win.cc(99)] thread ID 16368 not found in process
[1030/122104.862:ERROR:process_reader_win.cc(151)] SuspendThread: Access is denied. (0x5)
[1030/122104.862:ERROR:process_reader_win.cc(151)] SuspendThread: Access is denied. (0x5)
[1030/122104.862:ERROR:process_reader_win.cc(123)] NtOpenThread: {Access Denied} A process has requested access to an object, but has not been granted those access rights. (0xc0000022)
[1030/122104.862:ERROR:exception_snapshot_win.cc(99)] thread ID 15976 not found in process
[1030/122104.918:ERROR:process_reader_win.cc(123)] NtOpenThread: {Access Denied} A process has requested access to an object, but has not been granted those access rights. (0xc0000022)
[1030/122104.918:ERROR:exception_snapshot_win.cc(99)] thread ID 17276 not found in process
[1030/124729.715:ERROR:process_reader_win.cc(151)] SuspendThread: Access is denied. (0x5)
[1030/124729.715:ERROR:process_reader_win.cc(151)] SuspendThread: Access is denied. (0x5)
[1030/124729.715:ERROR:process_reader_win.cc(123)] NtOpenThread: {Access Denied} A process has requested access to an object, but has not been granted those access rights. (0xc0000022)
[1030/124729.719:ERROR:exception_snapshot_win.cc(99)] thread ID 9192 not found in process
[1030/124729.755:ERROR:process_reader_win.cc(151)] SuspendThread: Access is denied. (0x5)
[1030/124729.755:ERROR:process_reader_win.cc(151)] SuspendThread: Access is denied. (0x5)
[1030/124729.755:ERROR:process_reader_win.cc(123)] NtOpenThread: {Access Denied} A process has requested access to an object, but has not been granted those access rights. (0xc0000022)
[1030/124729.755:ERROR:exception_snapshot_win.cc(99)] thread ID 17240 not found in process
[1030/125100.049:ERROR:process_reader_win.cc(151)] SuspendThread: Access is denied. (0x5)
[1030/125100.053:ERROR:process_reader_win.cc(151)] SuspendThread: Access is denied. (0x5)
[1030/125100.053:ERROR:process_reader_win.cc(123)] NtOpenThread: {Access Denied} A process has requested access to an object, but has not been granted those access rights. (0xc0000022)
[1030/125100.057:ERROR:exception_snapshot_win.cc(99)] thread ID 20496 not found in process
[1030/125100.101:ERROR:process_reader_win.cc(151)] SuspendThread: Access is denied. (0x5)
[1030/125100.101:ERROR:process_reader_win.cc(123)] NtOpenThread: {Access Denied} A process has requested access to an object, but has not been granted those access rights. (0xc0000022)
[1030/125100.101:ERROR:exception_snapshot_win.cc(99)] thread ID 20756 not found in process
[1030/125100.133:ERROR:process_reader_win.cc(151)] SuspendThread: Access is denied. (0x5)
[1030/125100.133:ERROR:process_reader_win.cc(151)] SuspendThread: Access is denied. (0x5)
[1030/125100.133:ERROR:process_reader_win.cc(151)] SuspendThread: Access is denied. (0x5)
[1030/125100.133:ERROR:process_reader_win.cc(151)] SuspendThread: Access is denied. (0x5)
[1030/125100.133:ERROR:process_reader_win.cc(151)] SuspendThread: Access is denied. (0x5)
[1030/125100.133:ERROR:process_reader_win.cc(151)] SuspendThread: Access is denied. (0x5)
[1030/125100.133:ERROR:process_reader_win.cc(123)] NtOpenThread: {Access Denied} A process has requested access to an object, but has not been granted those access rights. (0xc0000022)
[1030/125100.133:ERROR:exception_snapshot_win.cc(99)] thread ID 15144 not found in process
[1030/140907.028:ERROR:process_reader_win.cc(151)] SuspendThread: Access is denied. (0x5)
[1030/140907.029:ERROR:process_reader_win.cc(151)] SuspendThread: Access is denied. (0x5)
[1030/140907.029:ERROR:process_reader_win.cc(123)] NtOpenThread: {Access Denied} A process has requested access to an object, but has not been granted those access rights. (0xc0000022)
[1030/140907.030:ERROR:exception_snapshot_win.cc(99)] thread ID 21552 not found in process
[1030/140907.053:ERROR:process_reader_win.cc(151)] SuspendThread: Access is denied. (0x5)
[1030/140907.054:ERROR:process_reader_win.cc(151)] SuspendThread: Access is denied. (0x5)
[1030/140907.054:ERROR:process_reader_win.cc(151)] SuspendThread: Access is denied. (0x5)
[1030/140907.054:ERROR:process_reader_win.cc(151)] SuspendThread: Access is denied. (0x5)
[1030/140907.054:ERROR:process_reader_win.cc(151)] SuspendThread: Access is denied. (0x5)
[1030/140907.054:ERROR:process_reader_win.cc(151)] SuspendThread: Access is denied. (0x5)
[1030/140907.054:ERROR:process_reader_win.cc(123)] NtOpenThread: {Access Denied} A process has requested access to an object, but has not been granted those access rights. (0xc0000022)
[1030/140907.054:ERROR:exception_snapshot_win.cc(99)] thread ID 19020 not found in process
[1030/143842.264:ERROR:process_reader_win.cc(151)] SuspendThread: Access is denied. (0x5)
[1030/143842.266:ERROR:process_reader_win.cc(151)] SuspendThread: Access is denied. (0x5)
[1030/143842.266:ERROR:process_reader_win.cc(123)] NtOpenThread: {Access Denied} A process has requested access to an object, but has not been granted those access rights. (0xc0000022)
[1030/143842.267:ERROR:exception_snapshot_win.cc(99)] thread ID 16464 not found in process
[1030/143842.360:ERROR:process_reader_win.cc(151)] SuspendThread: Access is denied. (0x5)
[1030/143842.360:ERROR:process_reader_win.cc(151)] SuspendThread: Access is denied. (0x5)
[1030/143842.360:ERROR:process_reader_win.cc(151)] SuspendThread: Access is denied. (0x5)
[1030/143842.360:ERROR:process_reader_win.cc(151)] SuspendThread: Access is denied. (0x5)
[1030/143842.360:ERROR:process_reader_win.cc(151)] SuspendThread: Access is denied. (0x5)
[1030/143842.360:ERROR:process_reader_win.cc(151)] SuspendThread: Access is denied. (0x5)
[1030/143842.360:ERROR:process_reader_win.cc(123)] NtOpenThread: {Access Denied} A process has requested access to an object, but has not been granted those access rights. (0xc0000022)
[1030/143842.363:ERROR:exception_snapshot_win.cc(99)] thread ID 8480 not found in process
[1030/190632.775:ERROR:process_reader_win.cc(151)] SuspendThread: Access is denied. (0x5)
[1030/190632.777:ERROR:process_reader_win.cc(151)] SuspendThread: Access is denied. (0x5)
[1030/190632.777:ERROR:process_reader_win.cc(123)] NtOpenThread: {Access Denied} A process has requested access to an object, but has not been granted those access rights. (0xc0000022)
[1030/190632.778:ERROR:exception_snapshot_win.cc(99)] thread ID 5696 not found in process
[1030/190632.842:ERROR:process_reader_win.cc(151)] SuspendThread: Access is denied. (0x5)
[1030/190632.842:ERROR:process_reader_win.cc(151)] SuspendThread: Access is denied. (0x5)
[1030/190632.842:ERROR:process_reader_win.cc(151)] SuspendThread: Access is denied. (0x5)
[1030/190632.842:ERROR:process_reader_win.cc(151)] SuspendThread: Access is denied. (0x5)
[1030/190632.842:ERROR:process_reader_win.cc(151)] SuspendThread: Access is denied. (0x5)
[1030/190632.842:ERROR:process_reader_win.cc(151)] SuspendThread: Access is denied. (0x5)
[1030/190632.843:ERROR:process_reader_win.cc(123)] NtOpenThread: {Access Denied} A process has requested access to an object, but has not been granted those access rights. (0xc0000022)
[1030/190632.843:ERROR:exception_snapshot_win.cc(99)] thread ID 4016 not found in process
[1102/114200.373:ERROR:process_reader_win.cc(151)] SuspendThread: Access is denied. (0x5)
[1102/114200.373:ERROR:process_reader_win.cc(151)] SuspendThread: Access is denied. (0x5)
[1102/114200.373:ERROR:process_reader_win.cc(123)] NtOpenThread: {Access Denied} A process has requested access to an object, but has not been granted those access rights. (0xc0000022)
[1102/114200.377:ERROR:exception_snapshot_win.cc(99)] thread ID 19428 not found in process
[1102/114200.473:ERROR:process_reader_win.cc(151)] SuspendThread: Access is denied. (0x5)
[1102/114200.473:ERROR:process_reader_win.cc(151)] SuspendThread: Access is denied. (0x5)
[1102/114200.473:ERROR:process_reader_win.cc(151)] SuspendThread: Access is denied. (0x5)
[1102/114200.473:ERROR:process_reader_win.cc(151)] SuspendThread: Access is denied. (0x5)
[1102/114200.473:ERROR:process_reader_win.cc(151)] SuspendThread: Access is denied. (0x5)
[1102/114200.473:ERROR:process_reader_win.cc(151)] SuspendThread: Access is denied. (0x5)
[1102/114200.473:ERROR:process_reader_win.cc(123)] NtOpenThread: {Access Denied} A process has requested access to an object, but has not been granted those access rights. (0xc0000022)
[1102/114200.473:ERROR:exception_snapshot_win.cc(99)] thread ID 3812 not found in process
[1102/120532.219:ERROR:process_reader_win.cc(151)] SuspendThread: Access is denied. (0x5)
[1102/120532.223:ERROR:process_reader_win.cc(123)] NtOpenThread: {Access Denied} A process has requested access to an object, but has not been granted those access rights. (0xc0000022)
[1102/120532.223:ERROR:exception_snapshot_win.cc(99)] thread ID 16700 not found in process
[1102/120532.275:ERROR:process_reader_win.cc(151)] SuspendThread: Access is denied. (0x5)
[1102/120532.275:ERROR:process_reader_win.cc(151)] SuspendThread: Access is denied. (0x5)
[1102/120532.275:ERROR:process_reader_win.cc(151)] SuspendThread: Access is denied. (0x5)
[1102/120532.275:ERROR:process_reader_win.cc(151)] SuspendThread: Access is denied. (0x5)
[1102/120532.275:ERROR:process_reader_win.cc(151)] SuspendThread: Access is denied. (0x5)
[1102/120532.279:ERROR:process_reader_win.cc(151)] SuspendThread: Access is denied. (0x5)
[1102/120532.279:ERROR:process_reader_win.cc(123)] NtOpenThread: {Access Denied} A process has requested access to an object, but has not been granted those access rights. (0xc0000022)
[1102/120532.279:ERROR:exception_snapshot_win.cc(99)] thread ID 16148 not found in process
[1103/111949.093:ERROR:process_reader_win.cc(151)] SuspendThread: Access is denied. (0x5)
[1103/111949.095:ERROR:process_reader_win.cc(151)] SuspendThread: Access is denied. (0x5)
[1103/111949.095:ERROR:process_reader_win.cc(123)] NtOpenThread: {Access Denied} A process has requested access to an object, but has not been granted those access rights. (0xc0000022)
[1103/111949.096:ERROR:exception_snapshot_win.cc(99)] thread ID 6868 not found in process
[1103/111949.145:ERROR:process_reader_win.cc(123)] NtOpenThread: {Access Denied} A process has requested access to an object, but has not been granted those access rights. (0xc0000022)
[1103/111949.145:ERROR:exception_snapshot_win.cc(99)] thread ID 14500 not found in process
[1103/112320.050:ERROR:process_reader_win.cc(151)] SuspendThread: Access is denied. (0x5)
[1103/112320.060:ERROR:process_reader_win.cc(151)] SuspendThread: Access is denied. (0x5)
[1103/112320.060:ERROR:process_reader_win.cc(151)] SuspendThread: Access is denied. (0x5)
[1103/112320.060:ERROR:process_reader_win.cc(151)] SuspendThread: Access is denied. (0x5)
[1103/112320.060:ERROR:process_reader_win.cc(151)] SuspendThread: Access is denied. (0x5)
[1103/112320.060:ERROR:process_reader_win.cc(151)] SuspendThread: Access is denied. (0x5)
[1103/112320.060:ERROR:process_reader_win.cc(151)] SuspendThread: Access is denied. (0x5)
[1103/112320.060:ERROR:process_reader_win.cc(151)] SuspendThread: Access is denied. (0x5)
[1103/112320.060:ERROR:process_reader_win.cc(151)] SuspendThread: Access is denied. (0x5)
[1103/112320.061:ERROR:process_reader_win.cc(151)] SuspendThread: Access is denied. (0x5)
[1103/112320.061:ERROR:process_reader_win.cc(151)] SuspendThread: Access is denied. (0x5)
[1103/112320.061:ERROR:process_reader_win.cc(151)] SuspendThread: Access is denied. (0x5)
[1103/112320.061:ERROR:process_reader_win.cc(123)] NtOpenThread: {Access Denied} A process has requested access to an object, but has not been granted those access rights. (0xc0000022)
[1103/112320.063:ERROR:exception_snapshot_win.cc(99)] thread ID 22192 not found in process
[1103/112320.143:ERROR:process_reader_win.cc(151)] SuspendThread: Access is denied. (0x5)
[1103/112320.143:ERROR:process_reader_win.cc(151)] SuspendThread: Access is denied. (0x5)
[1103/112320.143:ERROR:process_reader_win.cc(151)] SuspendThread: Access is denied. (0x5)
[1103/112320.143:ERROR:process_reader_win.cc(151)] SuspendThread: Access is denied. (0x5)
[1103/112320.143:ERROR:process_reader_win.cc(151)] SuspendThread: Access is denied. (0x5)
[1103/112320.143:ERROR:process_reader_win.cc(123)] NtOpenThread: {Access Denied} A process has requested access to an object, but has not been granted those access rights. (0xc0000022)
[1103/112320.143:ERROR:exception_snapshot_win.cc(99)] thread ID 19212 not found in process
[1103/113105.461:ERROR:process_reader_win.cc(151)] SuspendThread: Access is denied. (0x5)
[1103/113105.469:ERROR:process_reader_win.cc(151)] SuspendThread: Access is denied. (0x5)
[1103/113105.469:ERROR:process_reader_win.cc(123)] NtOpenThread: {Access Denied} A process has requested access to an object, but has not been granted those access rights. (0xc0000022)
[1103/113105.470:ERROR:exception_snapshot_win.cc(99)] thread ID 12248 not found in process
[1103/113105.622:ERROR:process_reader_win.cc(151)] SuspendThread: Access is denied. (0x5)
[1103/113105.622:ERROR:process_reader_win.cc(151)] SuspendThread: Access is denied. (0x5)
[1103/113105.622:ERROR:process_reader_win.cc(151)] SuspendThread: Access is denied. (0x5)
[1103/113105.622:ERROR:process_reader_win.cc(123)] NtOpenThread: {Access Denied} A process has requested access to an object, but has not been granted those access rights. (0xc0000022)
[1103/113105.622:ERROR:exception_snapshot_win.cc(99)] thread ID 13924 not found in process
[1103/113810.137:ERROR:process_reader_win.cc(151)] SuspendThread: Access is denied. (0x5)
[1103/113810.138:ERROR:process_reader_win.cc(151)] SuspendThread: Access is denied. (0x5)
[1103/113810.138:ERROR:process_reader_win.cc(123)] NtOpenThread: {Access Denied} A process has requested access to an object, but has not been granted those access rights. (0xc0000022)
[1103/113810.139:ERROR:exception_snapshot_win.cc(99)] thread ID 10256 not found in process
[1103/113810.173:ERROR:process_reader_win.cc(123)] NtOpenThread: {Access Denied} A process has requested access to an object, but has not been granted those access rights. (0xc0000022)
[1103/113810.173:ERROR:exception_snapshot_win.cc(99)] thread ID 8404 not found in process
[1103/114119.686:ERROR:process_reader_win.cc(151)] SuspendThread: Access is denied. (0x5)
[1103/114119.689:ERROR:process_reader_win.cc(151)] SuspendThread: Access is denied. (0x5)
[1103/114119.689:ERROR:process_reader_win.cc(123)] NtOpenThread: {Access Denied} A process has requested access to an object, but has not been granted those access rights. (0xc0000022)
[1103/114119.690:ERROR:exception_snapshot_win.cc(99)] thread ID 17696 not found in process
[1103/114119.877:ERROR:process_reader_win.cc(151)] SuspendThread: Access is denied. (0x5)
[1103/114119.877:ERROR:process_reader_win.cc(151)] SuspendThread: Access is denied. (0x5)
[1103/114119.877:ERROR:process_reader_win.cc(151)] SuspendThread: Access is denied. (0x5)
[1103/114119.877:ERROR:process_reader_win.cc(151)] SuspendThread: Access is denied. (0x5)
[1103/114119.877:ERROR:process_reader_win.cc(151)] SuspendThread: Access is denied. (0x5)
[1103/114119.877:ERROR:process_reader_win.cc(151)] SuspendThread: Access is denied. (0x5)
[1103/114119.877:ERROR:process_reader_win.cc(123)] NtOpenThread: {Access Denied} A process has requested access to an object, but has not been granted those access rights. (0xc0000022)
[1103/114119.877:ERROR:exception_snapshot_win.cc(99)] thread ID 7024 not found in process
[1103/114409.291:ERROR:process_reader_win.cc(151)] SuspendThread: Access is denied. (0x5)
[1103/114409.293:ERROR:process_reader_win.cc(151)] SuspendThread: Access is denied. (0x5)
[1103/114409.293:ERROR:process_reader_win.cc(123)] NtOpenThread: {Access Denied} A process has requested access to an object, but has not been granted those access rights. (0xc0000022)
[1103/114409.293:ERROR:exception_snapshot_win.cc(99)] thread ID 11036 not found in process
[1103/114409.368:ERROR:process_reader_win.cc(151)] SuspendThread: Access is denied. (0x5)
[1103/114409.368:ERROR:process_reader_win.cc(151)] SuspendThread: Access is denied. (0x5)
[1103/114409.368:ERROR:process_reader_win.cc(151)] SuspendThread: Access is denied. (0x5)
[1103/114409.368:ERROR:process_reader_win.cc(151)] SuspendThread: Access is denied. (0x5)
[1103/114409.368:ERROR:process_reader_win.cc(151)] SuspendThread: Access is denied. (0x5)
[1103/114409.368:ERROR:process_reader_win.cc(151)] SuspendThread: Access is denied. (0x5)
[1103/114409.368:ERROR:process_reader_win.cc(123)] NtOpenThread: {Access Denied} A process has requested access to an object, but has not been granted those access rights. (0xc0000022)
[1103/114409.368:ERROR:exception_snapshot_win.cc(99)] thread ID 19504 not found in process
[1103/181033.292:ERROR:process_reader_win.cc(123)] NtOpenThread: {Access Denied} A process has requested access to an object, but has not been granted those access rights. (0xc0000022)
[1103/181033.294:ERROR:exception_snapshot_win.cc(99)] thread ID 19328 not found in process
[1103/181033.317:ERROR:process_reader_win.cc(123)] NtOpenThread: {Access Denied} A process has requested access to an object, but has not been granted those access rights. (0xc0000022)
[1103/181033.317:ERROR:exception_snapshot_win.cc(99)] thread ID 15892 not found in process
[1109/121340.405:ERROR:directory_reader_win.cc(43)] FindFirstFile: The system cannot find the path specified. (0x3)
[1109/145753.276:ERROR:directory_reader_win.cc(43)] FindFirstFile: The system cannot find the path specified. (0x3)
[1109/152136.425:ERROR:directory_reader_win.cc(43)] FindFirstFile: The system cannot find the path specified. (0x3)
[1109/164904.790:ERROR:directory_reader_win.cc(43)] FindFirstFile: The system cannot find the path specified. (0x3)
[1109/172140.825:ERROR:directory_reader_win.cc(43)] FindFirstFile: The system cannot find the path specified. (0x3)
[1109/175234.802:ERROR:directory_reader_win.cc(43)] FindFirstFile: The system cannot find the path specified. (0x3)
[1109/190413.854:ERROR:directory_reader_win.cc(43)] FindFirstFile: The system cannot find the path specified. (0x3)
[1109/191851.978:ERROR:directory_reader_win.cc(43)] FindFirstFile: The system cannot find the path specified. (0x3)
[1109/192359.291:ERROR:directory_reader_win.cc(43)] FindFirstFile: The system cannot find the path specified. (0x3)
[1109/193542.071:ERROR:directory_reader_win.cc(43)] FindFirstFile: The system cannot find the path specified. (0x3)
[1109/195114.177:ERROR:directory_reader_win.cc(43)] FindFirstFile: The system cannot find the path specified. (0x3)
[1109/201310.998:ERROR:directory_reader_win.cc(43)] FindFirstFile: The system cannot find the path specified. (0x3)
[1110/132346.400:ERROR:directory_reader_win.cc(43)] FindFirstFile: The system cannot find the path specified. (0x3)
[1110/140621.932:ERROR:directory_reader_win.cc(43)] FindFirstFile: The system cannot find the path specified. (0x3)
[1110/143939.439:ERROR:directory_reader_win.cc(43)] FindFirstFile: The system cannot find the path specified. (0x3)
[1110/153044.614:ERROR:directory_reader_win.cc(43)] FindFirstFile: The system cannot find the path specified. (0x3)
[1110/162036.224:ERROR:directory_reader_win.cc(43)] FindFirstFile: The system cannot find the path specified. (0x3)
[1111/111559.213:ERROR:directory_reader_win.cc(43)] FindFirstFile: The system cannot find the path specified. (0x3)
[1111/115650.906:ERROR:directory_reader_win.cc(43)] FindFirstFile: The system cannot find the path specified. (0x3)
[1117/152015.246:ERROR:directory_reader_win.cc(43)] FindFirstFile: The system cannot find the path specified. (0x3)
[1117/155745.337:ERROR:directory_reader_win.cc(43)] FindFirstFile: The system cannot find the path specified. (0x3)
[1117/163543.525:ERROR:directory_reader_win.cc(43)] FindFirstFile: The system cannot find the path specified. (0x3)
[1117/173456.090:ERROR:directory_reader_win.cc(43)] FindFirstFile: The system cannot find the path specified. (0x3)
[1208/130300.480:ERROR:process_reader_win.cc(151)] SuspendThread: Access is denied. (0x5)
[1208/130300.483:ERROR:process_reader_win.cc(151)] SuspendThread: Access is denied. (0x5)
[1208/130300.483:ERROR:process_reader_win.cc(123)] NtOpenThread: {Access Denied} A process has requested access to an object, but has not been granted those access rights. (0xc0000022)
[1208/130300.512:ERROR:exception_snapshot_win.cc(99)] thread ID 13876 not found in process
[1208/130300.554:ERROR:process_reader_win.cc(151)] SuspendThread: Access is denied. (0x5)
[1208/130300.554:ERROR:process_reader_win.cc(151)] SuspendThread: Access is denied. (0x5)
[1208/130300.554:ERROR:process_reader_win.cc(123)] NtOpenThread: {Access Denied} A process has requested access to an object, but has not been granted those access rights. (0xc0000022)
[1208/130300.554:ERROR:exception_snapshot_win.cc(99)] thread ID 12872 not found in process
[1208/134305.679:ERROR:process_reader_win.cc(151)] SuspendThread: Access is denied. (0x5)
[1208/134305.680:ERROR:process_reader_win.cc(151)] SuspendThread: Access is denied. (0x5)
[1208/134305.680:ERROR:process_reader_win.cc(123)] NtOpenThread: {Access Denied} A process has requested access to an object, but has not been granted those access rights. (0xc0000022)
[1208/134305.681:ERROR:exception_snapshot_win.cc(99)] thread ID 4296 not found in process
[1208/134305.846:ERROR:process_reader_win.cc(151)] SuspendThread: Access is denied. (0x5)
[1208/134305.846:ERROR:process_reader_win.cc(151)] SuspendThread: Access is denied. (0x5)
[1208/134305.857:ERROR:process_reader_win.cc(151)] SuspendThread: Access is denied. (0x5)
[1208/134305.858:ERROR:process_reader_win.cc(151)] SuspendThread: Access is denied. (0x5)
[1208/134305.858:ERROR:process_reader_win.cc(151)] SuspendThread: Access is denied. (0x5)
[1208/134305.858:ERROR:process_reader_win.cc(123)] NtOpenThread: {Access Denied} A process has requested access to an object, but has not been granted those access rights. (0xc0000022)
[1208/134305.858:ERROR:exception_snapshot_win.cc(99)] thread ID 14876 not found in process
[1208/134845.551:ERROR:process_reader_win.cc(151)] SuspendThread: Access is denied. (0x5)
[1208/134845.553:ERROR:process_reader_win.cc(151)] SuspendThread: Access is denied. (0x5)
[1208/134845.553:ERROR:process_reader_win.cc(123)] NtOpenThread: {Access Denied} A process has requested access to an object, but has not been granted those access rights. (0xc0000022)
[1208/134845.554:ERROR:exception_snapshot_win.cc(99)] thread ID 17476 not found in process
[1208/140625.698:ERROR:process_reader_win.cc(151)] SuspendThread: Access is denied. (0x5)
[1208/140625.699:ERROR:process_reader_win.cc(151)] SuspendThread: Access is denied. (0x5)
[1208/140625.699:ERROR:process_reader_win.cc(123)] NtOpenThread: {Access Denied} A process has requested access to an object, but has not been granted those access rights. (0xc0000022)
[1208/140625.701:ERROR:exception_snapshot_win.cc(99)] thread ID 7684 not found in process
[1208/140625.864:ERROR:process_reader_win.cc(151)] SuspendThread: Access is denied. (0x5)
[1208/140625.864:ERROR:process_reader_win.cc(151)] SuspendThread: Access is denied. (0x5)
[1208/140625.864:ERROR:process_reader_win.cc(151)] SuspendThread: Access is denied. (0x5)
[1208/140625.864:ERROR:process_reader_win.cc(151)] SuspendThread: Access is denied. (0x5)
[1208/140625.864:ERROR:process_reader_win.cc(151)] SuspendThread: Access is denied. (0x5)
[1208/140625.864:ERROR:process_reader_win.cc(151)] SuspendThread: Access is denied. (0x5)
[1208/140625.865:ERROR:process_reader_win.cc(123)] NtOpenThread: {Access Denied} A process has requested access to an object, but has not been granted those access rights. (0xc0000022)
[1208/140625.865:ERROR:exception_snapshot_win.cc(99)] thread ID 13008 not found in process
[1208/145452.209:ERROR:directory_reader_win.cc(43)] FindFirstFile: The system cannot find the path specified. (0x3)
[1208/153359.897:ERROR:directory_reader_win.cc(43)] FindFirstFile: The system cannot find the path specified. (0x3)
[1208/160118.662:ERROR:directory_reader_win.cc(43)] FindFirstFile: The system cannot find the path specified. (0x3)
[1208/163751.895:ERROR:directory_reader_win.cc(43)] FindFirstFile: The system cannot find the path specified. (0x3)
[1208/171209.013:ERROR:directory_reader_win.cc(43)] FindFirstFile: The system cannot find the path specified. (0x3)
[1208/175131.122:ERROR:directory_reader_win.cc(43)] FindFirstFile: The system cannot find the path specified. (0x3)
[1208/180925.718:ERROR:directory_reader_win.cc(43)] FindFirstFile: The system cannot find the path specified. (0x3)
[1208/182207.402:ERROR:directory_reader_win.cc(43)] FindFirstFile: The system cannot find the path specified. (0x3)
[1208/182625.623:ERROR:directory_reader_win.cc(43)] FindFirstFile: The system cannot find the path specified. (0x3)
[1208/192320.429:ERROR:directory_reader_win.cc(43)] FindFirstFile: The system cannot find the path specified. (0x3)
[1209/105417.818:ERROR:directory_reader_win.cc(43)] FindFirstFile: The system cannot find the path specified. (0x3)
[1209/114106.552:ERROR:directory_reader_win.cc(43)] FindFirstFile: The system cannot find the path specified. (0x3)
[1209/120239.072:ERROR:directory_reader_win.cc(43)] FindFirstFile: The system cannot find the path specified. (0x3)
[1209/130740.190:ERROR:directory_reader_win.cc(43)] FindFirstFile: The system cannot find the path specified. (0x3)
[1209/132411.478:ERROR:directory_reader_win.cc(43)] FindFirstFile: The system cannot find the path specified. (0x3)
[1209/134405.358:ERROR:directory_reader_win.cc(43)] FindFirstFile: The system cannot find the path specified. (0x3)
[1209/143449.640:ERROR:directory_reader_win.cc(43)] FindFirstFile: The system cannot find the path specified. (0x3)
[1211/103920.875:ERROR:directory_reader_win.cc(43)] FindFirstFile: The system cannot find the path specified. (0x3)
[1214/151835.227:ERROR:directory_reader_win.cc(43)] FindFirstFile: The system cannot find the path specified. (0x3)
[1214/165120.498:ERROR:directory_reader_win.cc(43)] FindFirstFile: The system cannot find the path specified. (0x3)
[1214/170807.335:ERROR:directory_reader_win.cc(43)] FindFirstFile: The system cannot find the path specified. (0x3)
[1214/172645.674:ERROR:directory_reader_win.cc(43)] FindFirstFile: The system cannot find the path specified. (0x3)
[1214/180507.286:ERROR:directory_reader_win.cc(43)] FindFirstFile: The system cannot find the path specified. (0x3)
[1214/200356.424:ERROR:directory_reader_win.cc(43)] FindFirstFile: The system cannot find the path specified. (0x3)
[1214/202425.741:ERROR:directory_reader_win.cc(43)] FindFirstFile: The system cannot find the path specified. (0x3)
[1215/105047.256:ERROR:directory_reader_win.cc(43)] FindFirstFile: The system cannot find the path specified. (0x3)
[1215/110845.326:ERROR:directory_reader_win.cc(43)] FindFirstFile: The system cannot find the path specified. (0x3)
[1215/123847.756:ERROR:directory_reader_win.cc(43)] FindFirstFile: The system cannot find the path specified. (0x3)
[1215/132728.150:ERROR:directory_reader_win.cc(43)] FindFirstFile: The system cannot find the path specified. (0x3)
[1215/141936.254:ERROR:directory_reader_win.cc(43)] FindFirstFile: The system cannot find the path specified. (0x3)
[1215/155420.586:ERROR:directory_reader_win.cc(43)] FindFirstFile: The system cannot find the path specified. (0x3)
[1215/173414.368:ERROR:directory_reader_win.cc(43)] FindFirstFile: The system cannot find the path specified. (0x3)
[1215/175450.151:ERROR:directory_reader_win.cc(43)] FindFirstFile: The system cannot find the path specified. (0x3)
[1215/184812.709:ERROR:directory_reader_win.cc(43)] FindFirstFile: The system cannot find the path specified. (0x3)
[1215/201010.513:ERROR:directory_reader_win.cc(43)] FindFirstFile: The system cannot find the path specified. (0x3)
[1216/112950.004:ERROR:directory_reader_win.cc(43)] FindFirstFile: The system cannot find the path specified. (0x3)
[1216/124629.187:ERROR:directory_reader_win.cc(43)] FindFirstFile: The system cannot find the path specified. (0x3)
[1217/132337.162:ERROR:directory_reader_win.cc(43)] FindFirstFile: The system cannot find the path specified. (0x3)
[1217/132508.293:ERROR:directory_reader_win.cc(43)] FindFirstFile: The system cannot find the path specified. (0x3)
[1217/132633.334:ERROR:directory_reader_win.cc(43)] FindFirstFile: The system cannot find the path specified. (0x3)
[1217/133815.264:ERROR:directory_reader_win.cc(43)] FindFirstFile: The system cannot find the path specified. (0x3)
[1217/133945.930:ERROR:directory_reader_win.cc(43)] FindFirstFile: The system cannot find the path specified. (0x3)
[1217/134321.574:ERROR:directory_reader_win.cc(43)] FindFirstFile: The system cannot find the path specified. (0x3)
[1217/134617.439:ERROR:directory_reader_win.cc(43)] FindFirstFile: The system cannot find the path specified. (0x3)
[1217/135941.334:ERROR:directory_reader_win.cc(43)] FindFirstFile: The system cannot find the path specified. (0x3)
[1217/140026.526:ERROR:directory_reader_win.cc(43)] FindFirstFile: The system cannot find the path specified. (0x3)
[1217/140406.809:ERROR:directory_reader_win.cc(43)] FindFirstFile: The system cannot find the path specified. (0x3)
[1217/140702.351:ERROR:directory_reader_win.cc(43)] FindFirstFile: The system cannot find the path specified. (0x3)
[1217/140933.075:ERROR:directory_reader_win.cc(43)] FindFirstFile: The system cannot find the path specified. (0x3)
[1217/172505.818:ERROR:directory_reader_win.cc(43)] FindFirstFile: The system cannot find the path specified. (0x3)
[1217/172634.769:ERROR:directory_reader_win.cc(43)] FindFirstFile: The system cannot find the path specified. (0x3)
[1217/173001.282:ERROR:directory_reader_win.cc(43)] FindFirstFile: The system cannot find the path specified. (0x3)
[1217/174217.822:ERROR:directory_reader_win.cc(43)] FindFirstFile: The system cannot find the path specified. (0x3)
[1217/174352.670:ERROR:directory_reader_win.cc(43)] FindFirstFile: The system cannot find the path specified. (0x3)
[1217/174716.395:ERROR:directory_reader_win.cc(43)] FindFirstFile: The system cannot find the path specified. (0x3)
[1217/175001.900:ERROR:directory_reader_win.cc(43)] FindFirstFile: The system cannot find the path specified. (0x3)
[1217/175343.567:ERROR:directory_reader_win.cc(43)] FindFirstFile: The system cannot find the path specified. (0x3)
[1218/113811.685:ERROR:directory_reader_win.cc(43)] FindFirstFile: The system cannot find the path specified. (0x3)
[1218/121712.048:ERROR:directory_reader_win.cc(43)] FindFirstFile: The system cannot find the path specified. (0x3)
[1218/124651.455:ERROR:directory_reader_win.cc(43)] FindFirstFile: The system cannot find the path specified. (0x3)
[1218/125851.979:ERROR:directory_reader_win.cc(43)] FindFirstFile: The system cannot find the path specified. (0x3)
[1221/131343.762:ERROR:directory_reader_win.cc(43)] FindFirstFile: The system cannot find the path specified. (0x3)
[1221/145922.269:ERROR:directory_reader_win.cc(43)] FindFirstFile: The system cannot find the path specified. (0x3)
[1222/104927.610:ERROR:directory_reader_win.cc(43)] FindFirstFile: The system cannot find the path specified. (0x3)
[1222/111343.208:ERROR:directory_reader_win.cc(43)] FindFirstFile: The system cannot find the path specified. (0x3)
[1222/153055.405:ERROR:directory_reader_win.cc(43)] FindFirstFile: The system cannot find the path specified. (0x3)
[1222/161152.335:ERROR:directory_reader_win.cc(43)] FindFirstFile: The system cannot find the path specified. (0x3)
[1222/172212.694:ERROR:directory_reader_win.cc(43)] FindFirstFile: The system cannot find the path specified. (0x3)
[1222/173429.921:ERROR:directory_reader_win.cc(43)] FindFirstFile: The system cannot find the path specified. (0x3)
[1222/181945.409:ERROR:directory_reader_win.cc(43)] FindFirstFile: The system cannot find the path specified. (0x3)
[1222/200909.181:ERROR:directory_reader_win.cc(43)] FindFirstFile: The system cannot find the path specified. (0x3)
[1223/120013.505:ERROR:directory_reader_win.cc(43)] FindFirstFile: The system cannot find the path specified. (0x3)
[1223/124655.685:ERROR:directory_reader_win.cc(43)] FindFirstFile: The system cannot find the path specified. (0x3)
[1223/133837.354:ERROR:directory_reader_win.cc(43)] FindFirstFile: The system cannot find the path specified. (0x3)
[1223/140552.689:ERROR:directory_reader_win.cc(43)] FindFirstFile: The system cannot find the path specified. (0x3)
[1223/143609.557:ERROR:directory_reader_win.cc(43)] FindFirstFile: The system cannot find the path specified. (0x3)
[1223/150727.725:ERROR:directory_reader_win.cc(43)] FindFirstFile: The system cannot find the path specified. (0x3)
[1223/152627.807:ERROR:directory_reader_win.cc(43)] FindFirstFile: The system cannot find the path specified. (0x3)
[1223/153642.134:ERROR:directory_reader_win.cc(43)] FindFirstFile: The system cannot find the path specified. (0x3)
[1223/170139.877:ERROR:directory_reader_win.cc(43)] FindFirstFile: The system cannot find the path specified. (0x3)
[1223/172700.342:ERROR:directory_reader_win.cc(43)] FindFirstFile: The system cannot find the path specified. (0x3)
[1223/181643.346:ERROR:directory_reader_win.cc(43)] FindFirstFile: The system cannot find the path specified. (0x3)
[1223/182324.084:ERROR:directory_reader_win.cc(43)] FindFirstFile: The system cannot find the path specified. (0x3)
[1224/173402.771:ERROR:directory_reader_win.cc(43)] FindFirstFile: The system cannot find the path specified. (0x3)
[1224/182659.694:ERROR:directory_reader_win.cc(43)] FindFirstFile: The system cannot find the path specified. (0x3)
[1224/184011.787:ERROR:directory_reader_win.cc(43)] FindFirstFile: The system cannot find the path specified. (0x3)
[1228/120212.889:ERROR:directory_reader_win.cc(43)] FindFirstFile: The system cannot find the path specified. (0x3)
[1228/123320.325:ERROR:directory_reader_win.cc(43)] FindFirstFile: The system cannot find the path specified. (0x3)
[1231/111718.121:ERROR:directory_reader_win.cc(43)] FindFirstFile: The system cannot find the path specified. (0x3)
[0104/110008.785:ERROR:directory_reader_win.cc(43)] FindFirstFile: The system cannot find the path specified. (0x3)
[0104/114313.310:ERROR:directory_reader_win.cc(43)] FindFirstFile: The system cannot find the path specified. (0x3)
[0104/120950.159:ERROR:directory_reader_win.cc(43)] FindFirstFile: The system cannot find the path specified. (0x3)
[0104/152706.991:ERROR:directory_reader_win.cc(43)] FindFirstFile: The system cannot find the path specified. (0x3)
[0104/161419.931:ERROR:directory_reader_win.cc(43)] FindFirstFile: The system cannot find the path specified. (0x3)
[0104/163834.201:ERROR:directory_reader_win.cc(43)] FindFirstFile: The system cannot find the path specified. (0x3)
[0104/165537.417:ERROR:directory_reader_win.cc(43)] FindFirstFile: The system cannot find the path specified. (0x3)
[0105/113333.427:ERROR:directory_reader_win.cc(43)] FindFirstFile: The system cannot find the path specified. (0x3)
[0105/134247.343:ERROR:directory_reader_win.cc(43)] FindFirstFile: The system cannot find the path specified. (0x3)
[0105/141004.954:ERROR:directory_reader_win.cc(43)] FindFirstFile: The system cannot find the path specified. (0x3)
[0105/155201.842:ERROR:directory_reader_win.cc(43)] FindFirstFile: The system cannot find the path specified. (0x3)
[0105/190923.359:ERROR:directory_reader_win.cc(43)] FindFirstFile: The system cannot find the path specified. (0x3)
[0105/193003.645:ERROR:directory_reader_win.cc(43)] FindFirstFile: The system cannot find the path specified. (0x3)
[0106/110014.842:ERROR:directory_reader_win.cc(43)] FindFirstFile: The system cannot find the path specified. (0x3)
[0106/111501.152:ERROR:directory_reader_win.cc(43)] FindFirstFile: The system cannot find the path specified. (0x3)
[0106/114259.529:ERROR:directory_reader_win.cc(43)] FindFirstFile: The system cannot find the path specified. (0x3)
[0106/131628.989:ERROR:directory_reader_win.cc(43)] FindFirstFile: The system cannot find the path specified. (0x3)
[0106/133237.880:ERROR:directory_reader_win.cc(43)] FindFirstFile: The system cannot find the path specified. (0x3)
[0106/143451.218:ERROR:directory_reader_win.cc(43)] FindFirstFile: The system cannot find the path specified. (0x3)
[0106/144337.311:ERROR:directory_reader_win.cc(43)] FindFirstFile: The system cannot find the path specified. (0x3)
[0106/153933.032:ERROR:directory_reader_win.cc(43)] FindFirstFile: The system cannot find the path specified. (0x3)
[0106/163023.688:ERROR:directory_reader_win.cc(43)] FindFirstFile: The system cannot find the path specified. (0x3)
[0106/164955.341:ERROR:directory_reader_win.cc(43)] FindFirstFile: The system cannot find the path specified. (0x3)
[0106/191035.323:ERROR:directory_reader_win.cc(43)] FindFirstFile: The system cannot find the path specified. (0x3)
[0106/192957.169:ERROR:directory_reader_win.cc(43)] FindFirstFile: The system cannot find the path specified. (0x3)
[0107/114019.652:ERROR:directory_reader_win.cc(43)] FindFirstFile: The system cannot find the path specified. (0x3)
[0107/140237.956:ERROR:directory_reader_win.cc(43)] FindFirstFile: The system cannot find the path specified. (0x3)
[0107/142718.462:ERROR:directory_reader_win.cc(43)] FindFirstFile: The system cannot find the path specified. (0x3)
[0108/112729.371:ERROR:directory_reader_win.cc(43)] FindFirstFile: The system cannot find the path specified. (0x3)
[0108/120838.578:ERROR:directory_reader_win.cc(43)] FindFirstFile: The system cannot find the path specified. (0x3)
[0111/112711.710:ERROR:directory_reader_win.cc(43)] FindFirstFile: The system cannot find the path specified. (0x3)
[0111/122328.411:ERROR:directory_reader_win.cc(43)] FindFirstFile: The system cannot find the path specified. (0x3)
[0111/135257.353:ERROR:directory_reader_win.cc(43)] FindFirstFile: The system cannot find the path specified. (0x3)
[0111/165610.729:ERROR:directory_reader_win.cc(43)] FindFirstFile: The system cannot find the path specified. (0x3)
[0112/154806.060:ERROR:directory_reader_win.cc(43)] FindFirstFile: The system cannot find the path specified. (0x3)
[0112/161643.979:ERROR:directory_reader_win.cc(43)] FindFirstFile: The system cannot find the path specified. (0x3)
[0112/182244.272:ERROR:directory_reader_win.cc(43)] FindFirstFile: The system cannot find the path specified. (0x3)
[0112/191326.940:ERROR:directory_reader_win.cc(43)] FindFirstFile: The system cannot find the path specified. (0x3)
[0112/194935.574:ERROR:directory_reader_win.cc(43)] FindFirstFile: The system cannot find the path specified. (0x3)
[0112/200456.823:ERROR:directory_reader_win.cc(43)] FindFirstFile: The system cannot find the path specified. (0x3)
[0113/110821.937:ERROR:directory_reader_win.cc(43)] FindFirstFile: The system cannot find the path specified. (0x3)
[0113/124548.142:ERROR:directory_reader_win.cc(43)] FindFirstFile: The system cannot find the path specified. (0x3)
[0113/150422.256:ERROR:directory_reader_win.cc(43)] FindFirstFile: The system cannot find the path specified. (0x3)
[0113/160823.353:ERROR:directory_reader_win.cc(43)] FindFirstFile: The system cannot find the path specified. (0x3)
[0113/185022.234:ERROR:directory_reader_win.cc(43)] FindFirstFile: The system cannot find the path specified. (0x3)
[0115/133636.875:ERROR:directory_reader_win.cc(43)] FindFirstFile: The system cannot find the path specified. (0x3)
[0118/173552.564:ERROR:directory_reader_win.cc(43)] FindFirstFile: The system cannot find the path specified. (0x3)
[0118/174841.421:ERROR:directory_reader_win.cc(43)] FindFirstFile: The system cannot find the path specified. (0x3)
[0118/180118.392:ERROR:directory_reader_win.cc(43)] FindFirstFile: The system cannot find the path specified. (0x3)
[0118/183101.712:ERROR:directory_reader_win.cc(43)] FindFirstFile: The system cannot find the path specified. (0x3)
[0118/184515.849:ERROR:directory_reader_win.cc(43)] FindFirstFile: The system cannot find the path specified. (0x3)
[0118/201538.831:ERROR:directory_reader_win.cc(43)] FindFirstFile: The system cannot find the path specified. (0x3)
[0119/102919.381:ERROR:directory_reader_win.cc(43)] FindFirstFile: The system cannot find the path specified. (0x3)
[0119/114737.706:ERROR:directory_reader_win.cc(43)] FindFirstFile: The system cannot find the path specified. (0x3)
[0119/125850.452:ERROR:directory_reader_win.cc(43)] FindFirstFile: The system cannot find the path specified. (0x3)
[0119/144628.341:ERROR:directory_reader_win.cc(43)] FindFirstFile: The system cannot find the path specified. (0x3)
[0119/171236.828:ERROR:directory_reader_win.cc(43)] FindFirstFile: The system cannot find the path specified. (0x3)
[0119/180802.587:ERROR:directory_reader_win.cc(43)] FindFirstFile: The system cannot find the path specified. (0x3)
[0119/200050.051:ERROR:directory_reader_win.cc(43)] FindFirstFile: The system cannot find the path specified. (0x3)
[0120/131614.437:ERROR:directory_reader_win.cc(43)] FindFirstFile: The system cannot find the path specified. (0x3)
[0120/134426.467:ERROR:directory_reader_win.cc(43)] FindFirstFile: The system cannot find the path specified. (0x3)
[0120/144553.161:ERROR:directory_reader_win.cc(43)] FindFirstFile: The system cannot find the path specified. (0x3)
[0120/164118.658:ERROR:directory_reader_win.cc(43)] FindFirstFile: The system cannot find the path specified. (0x3)
[0120/170305.408:ERROR:directory_reader_win.cc(43)] FindFirstFile: The system cannot find the path specified. (0x3)
[0120/174027.691:ERROR:directory_reader_win.cc(43)] FindFirstFile: The system cannot find the path specified. (0x3)
[0121/114440.316:ERROR:directory_reader_win.cc(43)] FindFirstFile: The system cannot find the path specified. (0x3)
[0121/123440.416:ERROR:directory_reader_win.cc(43)] FindFirstFile: The system cannot find the path specified. (0x3)
[0121/125846.894:ERROR:directory_reader_win.cc(43)] FindFirstFile: The system cannot find the path specified. (0x3)
[0121/143204.297:ERROR:directory_reader_win.cc(43)] FindFirstFile: The system cannot find the path specified. (0x3)
[0121/151902.033:ERROR:directory_reader_win.cc(43)] FindFirstFile: The system cannot find the path specified. (0x3)
[0121/175842.013:ERROR:directory_reader_win.cc(43)] FindFirstFile: The system cannot find the path specified. (0x3)
[0121/182114.434:ERROR:directory_reader_win.cc(43)] FindFirstFile: The system cannot find the path specified. (0x3)
[0121/195730.398:ERROR:directory_reader_win.cc(43)] FindFirstFile: The system cannot find the path specified. (0x3)
[0122/104315.858:ERROR:directory_reader_win.cc(43)] FindFirstFile: The system cannot find the path specified. (0x3)
[0122/110100.804:ERROR:directory_reader_win.cc(43)] FindFirstFile: The system cannot find the path specified. (0x3)
[0122/154215.949:ERROR:directory_reader_win.cc(43)] FindFirstFile: The system cannot find the path specified. (0x3)
[0122/181934.041:ERROR:directory_reader_win.cc(43)] FindFirstFile: The system cannot find the path specified. (0x3)
[0122/183357.377:ERROR:directory_reader_win.cc(43)] FindFirstFile: The system cannot find the path specified. (0x3)
[0125/114823.396:ERROR:directory_reader_win.cc(43)] FindFirstFile: The system cannot find the path specified. (0x3)
[0125/121007.245:ERROR:directory_reader_win.cc(43)] FindFirstFile: The system cannot find the path specified. (0x3)
[0125/124334.381:ERROR:directory_reader_win.cc(43)] FindFirstFile: The system cannot find the path specified. (0x3)
[0125/192246.669:ERROR:directory_reader_win.cc(43)] FindFirstFile: The system cannot find the path specified. (0x3)
[0127/103548.878:ERROR:directory_reader_win.cc(43)] FindFirstFile: The system cannot find the path specified. (0x3)
[0127/105226.429:ERROR:directory_reader_win.cc(43)] FindFirstFile: The system cannot find the path specified. (0x3)
[0127/110553.553:ERROR:directory_reader_win.cc(43)] FindFirstFile: The system cannot find the path specified. (0x3)
[0127/113354.902:ERROR:directory_reader_win.cc(43)] FindFirstFile: The system cannot find the path specified. (0x3)
[0127/115732.232:ERROR:directory_reader_win.cc(43)] FindFirstFile: The system cannot find the path specified. (0x3)
[0127/135850.597:ERROR:directory_reader_win.cc(43)] FindFirstFile: The system cannot find the path specified. (0x3)
[0127/141315.807:ERROR:directory_reader_win.cc(43)] FindFirstFile: The system cannot find the path specified. (0x3)
